<?xml version="1.0" encoding="UTF-8"?>
<testng-results skipped="0" failed="0" total="0" passed="0">
  <reporter-output>
  </reporter-output>
  <suite name="com.qtpselenium.core.ddf.base.BaseTest" duration-ms="0" started-at="2018-08-12T05:38:18Z" finished-at="2018-08-12T05:38:18Z">
    <groups>
    </groups>
    <test name="Command line test" duration-ms="0" started-at="2018-08-12T05:38:18Z" finished-at="2018-08-12T05:38:18Z">
    </test> <!-- Command line test -->
  </suite> <!-- com.qtpselenium.core.ddf.base.BaseTest -->
</testng-results>
